Started by user [8mha:////4CjD3ZBDFg3s/yXE0Pe/k+96Imhxafnmp/UTJsvgIF2uAAAAlx+LCAAAAAAAAP9b85aBtbiIQTGjNKU4P08vOT+vOD8nVc83PyU1x6OyILUoJzMv2y+/JJUBAhiZGBgqihhk0NSjKDWzXb3RdlLBUSYGJk8GtpzUvPSSDB8G5tKinBIGIZ+sxLJE/ZzEvHT94JKizLx0a6BxUmjGOUNodHsLgAyeEgZu/dLi1CL9xJTczDwA4LbuW8AAAAA=[0mmuddukrishna
Building on master in workspace /var/lib/jenkins/workspace/validate
Cloning the remote Git repository
Cloning repository https://github.com/executeautomation/SeleniumWithCucucumber.git
 > git init /var/lib/jenkins/workspace/validate # timeout=10
Fetching upstream changes from https://github.com/executeautomation/SeleniumWithCucucumber.git
 > git --version # timeout=10
 > git fetch --tags --progress https://github.com/executeautomation/SeleniumWithCucucumber.git +refs/heads/*:refs/remotes/origin/*
 > git config remote.origin.url https://github.com/executeautomation/SeleniumWithCucucumber.git # timeout=10
 > git config --add remote.origin.fetch +refs/heads/*:refs/remotes/origin/* # timeout=10
 > git config remote.origin.url https://github.com/executeautomation/SeleniumWithCucucumber.git # timeout=10
Fetching upstream changes from https://github.com/executeautomation/SeleniumWithCucucumber.git
 > git fetch --tags --progress https://github.com/executeautomation/SeleniumWithCucucumber.git +refs/heads/*:refs/remotes/origin/*
 > git rev-parse refs/remotes/origin/master^{commit} # timeout=10
 > git rev-parse refs/remotes/origin/origin/master^{commit} # timeout=10
Checking out Revision 168d249acde2a29e730cadf8a2211283409b24fb (refs/remotes/origin/master)
 > git config core.sparsecheckout # timeout=10
 > git checkout -f 168d249acde2a29e730cadf8a2211283409b24fb
Commit message: "Merge pull request #4 from Anaghaprabhu19/patch-2"
First time build. Skipping changelog.
[validate] $ mvn validate
FATAL: command execution failed
java.io.IOException: error=2, No such file or directory
	at java.lang.UNIXProcess.forkAndExec(Native Method)
	at java.lang.UNIXProcess.<init>(UNIXProcess.java:247)
	at java.lang.ProcessImpl.start(ProcessImpl.java:134)
	at java.lang.ProcessBuilder.start(ProcessBuilder.java:1029)
Caused: java.io.IOException: Cannot run program "mvn" (in directory "/var/lib/jenkins/workspace/validate"): error=2, No such file or directory
	at java.lang.ProcessBuilder.start(ProcessBuilder.java:1048)
	at hudson.Proc$LocalProc.<init>(Proc.java:249)
	at hudson.Proc$LocalProc.<init>(Proc.java:218)
	at hudson.Launcher$LocalLauncher.launch(Launcher.java:929)
	at hudson.Launcher$ProcStarter.start(Launcher.java:449)
	at hudson.Launcher$ProcStarter.join(Launcher.java:460)
	at hudson.tasks.Maven.perform(Maven.java:367)
	at hudson.tasks.BuildStepMonitor$1.perform(BuildStepMonitor.java:20)
	at hudson.model.AbstractBuild$AbstractBuildExecution.perform(AbstractBuild.java:744)
	at hudson.model.Build$BuildExecution.build(Build.java:206)
	at hudson.model.Build$BuildExecution.doRun(Build.java:163)
	at hudson.model.AbstractBuild$AbstractBuildExecution.run(AbstractBuild.java:504)
	at hudson.model.Run.execute(Run.java:1794)
	at hudson.model.FreeStyleBuild.run(FreeStyleBuild.java:43)
	at hudson.model.ResourceController.execute(ResourceController.java:97)
	at hudson.model.Executor.run(Executor.java:429)
Build step 'Invoke top-level Maven targets' marked build as failure
Finished: FAILURE
